[Licensing::Module] Trying to connect to existing licensing client channel...
Built from '6000.3/staging' branch; Version is '6000.3.4f1 (fdd3b8998ec4) revision 16634808'; Using compiler version '194234433'; Build Type 'Release'
[Licensing::IpcConnector] Successfully connected to: "LicenseClient-Administrator" at "2026-01-20T08:06:37.8762884Z"
OS: 'Windows 10  (10.0.19041) 64bit Professional' Language: 'zh' Physical Memory: 31862 MB
BatchMode: 1, IsHumanControllingUs: 0, StartBugReporterOnCrash: 0, Is64bit: 1
System  architecture: x64
Process architecture: x64
Date: 2026-01-20T08:06:37Z

COMMAND LINE ARGUMENTS:
G:\dev\unity\6000.3.4f1\Editor\Unity.exe
-adb2
-batchMode
-noUpm
-name
AssetImportWorker8
-projectPath
G:/code/unity/game-box
-logFile
Logs/AssetImportWorker8.log
-srvPort
50219
-job-worker-count
7
-background-job-worker-count
8
-gc-helper-count
1
-name
AssetImport
Successfully changed project path to: G:/code/unity/game-box
G:/code/unity/game-box
[UnityMemory] Configuration Parameters - Can be set up in boot.config
    "memorysetup-temp-allocator-size-nav-mesh-worker=65536"
    "memorysetup-temp-allocator-size-audio-worker=65536"
    "memorysetup-temp-allocator-size-gfx=262144"
    "memorysetup-allocator-temp-initial-block-size-main=262144"
    "memorysetup-allocator-temp-initial-block-size-worker=262144"
    "memorysetup-temp-allocator-size-background-worker=32768"
    "memorysetup-temp-allocator-size-job-worker=262144"
    "memorysetup-temp-allocator-size-preload-manager=33554432"
    "memorysetup-temp-allocator-size-gi-baking-worker=262144"
    "memorysetup-temp-allocator-size-gi-baking-worker=262144"
    "memorysetup-temp-allocator-size-gi-baking-worker=262144"
    "memorysetup-temp-allocator-size-gi-baking-worker=262144"
    "memorysetup-temp-allocator-size-gi-baking-worker=262144"
    "memorysetup-bucket-allocator-granularity=16"
    "memorysetup-bucket-allocator-bucket-count=8"
    "memorysetup-bucket-allocator-block-size=33554432"
    "memorysetup-bucket-allocator-block-count=8"
    "memorysetup-main-allocator-block-size=16777216"
    "memorysetup-thread-allocator-block-size=16777216"
    "memorysetup-gfx-main-allocator-block-size=16777216"
    "memorysetup-gfx-thread-allocator-block-size=16777216"
    "memorysetup-cache-allocator-block-size=4194304"
    "memorysetup-typetree-allocator-block-size=2097152"
    "memorysetup-profiler-bucket-allocator-granularity=16"
    "memorysetup-profiler-bucket-allocator-bucket-count=8"
    "memorysetup-profiler-bucket-allocator-block-size=33554432"
    "memorysetup-profiler-bucket-allocator-block-count=8"
    "memorysetup-profiler-allocator-block-size=16777216"
    "memorysetup-profiler-editor-allocator-block-size=1048576"
    "memorysetup-temp-allocator-size-main=16777216"
    "memorysetup-job-temp-allocator-block-size=2097152"
    "memorysetup-job-temp-allocator-block-size-background=1048576"
    "memorysetup-job-temp-allocator-reduction-small-platforms=262144"
    "memorysetup-temp-allocator-size-cloud-worker=32768"
Player connection [28652]  Target information:

Player connection [28652]  * "[IP] 192.168.1.6 [Port] 0 [Flags] 2 [Guid] 2748889747 [EditorId] 2748889747 [Version] 1048832 [Id] WindowsEditor(7,SD-20250321FMVX) [Debug] 1 [PackageName] WindowsEditor [ProjectName] Editor" 

Player connection [28652]  * "[IP] 26.26.26.1 [Port] 0 [Flags] 2 [Guid] 2748889747 [EditorId] 2748889747 [Version] 1048832 [Id] WindowsEditor(7,SD-20250321FMVX) [Debug] 1 [PackageName] WindowsEditor [ProjectName] Editor" 

Player connection [28652] Host joined multi-casting on [225.0.0.222:54997]...
Player connection [28652] Host joined alternative multi-casting on [225.0.0.222:34997]...
JobSystem: Creating JobQueue using job-worker-count value 7
Input System module state changed to: Initialized.
[Physics::Module] Initialized fallback backend.
[Physics::Module] Id: 0xdecafbad
Library Redirect Path: Library/
[Physics::Module] Selected backend.
[Physics::Module] Name: PhysX
[Physics::Module] Id: 0xf2b8ea05
[Physics::Module] SDK Version: 4.1.2
[Physics::Module] Integration Version: 1.0.0
[Physics::Module] Threading Mode: Multi-Threaded
Refreshing native plugins compatible for Editor in 0.87 ms, found 3 plugins.
Preloading 0 native plugins for Editor in 0.00 ms.
Initialize engine version: 6000.3.4f1 (fdd3b8998ec4)
[Subsystems] Discovering subsystems at path G:/dev/unity/6000.3.4f1/Editor/Data/Resources/UnitySubsystems
[Subsystems] Discovering subsystems at path G:/code/unity/game-box/Assets
GfxDevice: creating device client; kGfxThreadingModeNonThreaded
Direct3D:
    Version:  Direct3D 11.0 [level 11.1]
    Renderer: NVIDIA GeForce RTX 5070 (ID=0x2f04)
    Vendor:   NVIDIA
    VRAM:     11855 MB
    Driver:   32.0.15.7688
Initialize mono
Mono path[0] = 'G:/dev/unity/6000.3.4f1/Editor/Data/Managed'
Mono path[1] = 'G:/dev/unity/6000.3.4f1/Editor/Data/MonoBleedingEdge/lib/mono/unityjit-win32'
Mono config path = 'G:/dev/unity/6000.3.4f1/Editor/Data/MonoBleedingEdge/etc'
Using monoOptions --debugger-agent=transport=dt_socket,embedding=1,server=y,suspend=n,address=127.0.0.1:56852
Begin MonoManager ReloadAssembly
Registering precompiled unity dll's ...
Register platform support module: G:/dev/unity/6000.3.4f1/Editor/Data/PlaybackEngines/WebGLSupport/UnityEditor.WebGL.Extensions.dll
Register platform support module: G:/dev/unity/6000.3.4f1/Editor/Data/PlaybackEngines/WindowsStandaloneSupport/UnityEditor.WindowsStandalone.Extensions.dll
Registered in 0.000995 seconds.
[Licensing::Client] Error: HandshakeResponse reported an error:
	ResponseCode: 505
	ResponseStatus: Unsupported protocol version '1.17.4'.
[Licensing::Module] Error: Failed to handshake to channel: "LicenseClient-Administrator"
[Licensing::IpcConnector] LicenseClient-Administrator channel disconnected successfully.
[Licensing::IpcConnector] Successfully connected to: "LicenseClient-Administrator-6000.3.4" at "2026-01-20T08:06:38.6029459Z"
- Loaded All Assemblies, in  0.296 seconds
Native extension for WindowsStandalone target not found
Native extension for WebGL target not found
ScheduleIndexationOnStartup MainProcess:False IndexOnStartup:True
Mono: successfully reloaded assembly
- Finished resetting the current domain, in  0.310 seconds
Domain Reload Profiling: 605ms
	BeginReloadAssembly (96ms)
		ExecutionOrderSort (0ms)
		DisableScriptedObjects (0ms)
		BackupInstance (0ms)
		ReleaseScriptingObjects (0ms)
		CreateAndSetChildDomain (1ms)
	RebuildCommonClasses (26ms)
	RebuildNativeTypeToScriptingClass (12ms)
	initialDomainReloadingComplete (30ms)
	LoadAllAssembliesAndSetupDomain (131ms)
		LoadAssemblies (96ms)
		RebuildTransferFunctionScriptingTraits (0ms)
		AnalyzeDomain (129ms)
			TypeCache.Refresh (127ms)
				TypeCache.ScanAssembly (117ms)
			BuildScriptInfoCaches (0ms)
			ResolveRequiredComponents (0ms)
	FinalizeReload (310ms)
		ReleaseScriptCaches (0ms)
		RebuildScriptCaches (0ms)
		SetupLoadedEditorAssemblies (270ms)
			LogAssemblyErrors (0ms)
			InitializePlatformSupportModulesInManaged (40ms)
			SetLoadedEditorAssemblies (3ms)
			BeforeProcessingInitializeOnLoad (58ms)
			ProcessInitializeOnLoadAttributes (106ms)
			ProcessInitializeOnLoadMethodAttributes (62ms)
			AfterProcessingInitializeOnLoad (0ms)
			EditorAssembliesLoaded (0ms)
		ExecutionOrderSort2 (0ms)
		AwakeInstancesAfterBackupRestoration (0ms)
========================================================================
Worker process is ready to serve import requests
Import Worker Mode flag is 0x00
Begin MonoManager ReloadAssembly
[Licensing::Module] Licensing is not yet initialized.
[Licensing::Client] Handshaking with LicensingClient:
  Version:                 1.17.4+4293ba1
  Session Id:              e32fbad46a1f4b57b860840a1813a551
  Correlation Id:          41100532114bdb132d790ba619343b89
  External correlation Id: 4844786048430793819
  Machine Id:              N/U6rbd38rHhkvSqCC5z5B+NTY4=
[Licensing::Module] Successfully connected to LicensingClient on channel: "LicenseClient-Administrator-6000.3.4" (connect: 0.00s, validation: 0.00s, handshake: 0.69s)
[Licensing::IpcConnector] Successfully connected to: "LicenseClient-Administrator-6000.3.4-notifications" at "2026-01-20T08:06:39.2999959Z"
[Licensing::Module] Licensing Background thread has ended after 1.42s
[Licensing::Module] Licensing is initialized (took 0.15s).
[Licensing::Client] Successfully resolved entitlement details
[Licensing::Module] License group:
  Id: 14569702684037-UnityPersXXXX
  Product: Unity Personal
  Type: Assigned
  Expiration: Unlimited
- Loaded All Assemblies, in  0.623 seconds
Refreshing native plugins compatible for Editor in 0.32 ms, found 3 plugins.
Native extension for WindowsStandalone target not found
Native extension for WebGL target not found
Package Manager log level set to [2]
[Package Manager] Failed to launch server process. Reason: Unity was launched with the -noUpm command-line argument
[Package Manager] Unable to send message (not connected to server process).
[Package Manager] Cannot connect to Unity Package Manager local server
ScheduleIndexationOnStartup MainProcess:False IndexOnStartup:True
Mono: successfully reloaded assembly
- Finished resetting the current domain, in  0.479 seconds
Domain Reload Profiling: 1102ms
	BeginReloadAssembly (274ms)
		ExecutionOrderSort (0ms)
		DisableScriptedObjects (4ms)
		BackupInstance (0ms)
		ReleaseScriptingObjects (0ms)
		CreateAndSetChildDomain (30ms)
	RebuildCommonClasses (25ms)
	RebuildNativeTypeToScriptingClass (10ms)
	initialDomainReloadingComplete (24ms)
	LoadAllAssembliesAndSetupDomain (289ms)
		LoadAssemblies (197ms)
		RebuildTransferFunctionScriptingTraits (0ms)
		AnalyzeDomain (151ms)
			TypeCache.Refresh (111ms)
				TypeCache.ScanAssembly (101ms)
			BuildScriptInfoCaches (31ms)
			ResolveRequiredComponents (6ms)
	FinalizeReload (480ms)
		ReleaseScriptCaches (0ms)
		RebuildScriptCaches (0ms)
		SetupLoadedEditorAssemblies (350ms)
			LogAssemblyErrors (0ms)
			InitializePlatformSupportModulesInManaged (1ms)
			SetLoadedEditorAssemblies (3ms)
			BeforeProcessingInitializeOnLoad (83ms)
			ProcessInitializeOnLoadAttributes (218ms)
			ProcessInitializeOnLoadMethodAttributes (41ms)
			AfterProcessingInitializeOnLoad (3ms)
			EditorAssembliesLoaded (0ms)
		ExecutionOrderSort2 (0ms)
		AwakeInstancesAfterBackupRestoration (6ms)
Launched and connected shader compiler UnityShaderCompiler.exe after 0.01 seconds
Refreshing native plugins compatible for Editor in 0.54 ms, found 3 plugins.
Preloading 0 native plugins for Editor in 0.00 ms.
Unloading 16 Unused Serialized files (Serialized files now loaded: 0)
Unloading 6220 unused Assets / (4.0 MB). Loaded Objects now: 7018.
Memory consumption went from 153.5 MB to 149.6 MB.
Total: 10.559800 ms (FindLiveObjects: 1.228600 ms CreateObjectMapping: 0.876700 ms MarkObjects: 6.035800 ms  DeleteObjects: 2.417300 ms)

========================================================================
Received Import Request.
  Time since last request: 352285.158189 seconds.
  path: Assets/Textures/Walls/Wall_10_Albedo.png
  artifactKey: Guid(1b11568f2836dbe478fc425674846d6b) Importer(2089858483,b0f066a214c2f5e87bad3c948f4d605d)
Start importing Assets/Textures/Walls/Wall_10_Albedo.png using Guid(1b11568f2836dbe478fc425674846d6b) Importer(2089858483,b0f066a214c2f5e87bad3c948f4d605d) (ScriptedImporter) -> (artifact id: '4e2af5f0682f6c7468520e41c475b84c') in 0.1632603 seconds
Number of updated asset objects reloaded before import = 0Number of asset objects unloaded after import = 1

========================================================================
Received Import Request.
  Time since last request: 38.228965 seconds.
  path: Assets/Textures/Wood/Wood_1_Metallic.png
  artifactKey: Guid(6c4b268d54655cc4fa18d24c79ba54b3) Importer(815301076,1909f56bfc062723c751e8b465ee728b)
Start importing Assets/Textures/Wood/Wood_1_Metallic.png using Guid(6c4b268d54655cc4fa18d24c79ba54b3) Importer(815301076,1909f56bfc062723c751e8b465ee728b) (PreviewImporter) -> (artifact id: '279a535101eb29dfb5f5d8c801472b6d') in 0.0327319 seconds
Number of updated asset objects reloaded before import = 0Number of asset objects unloaded after import = 2

========================================================================
Received Import Request.
  Time since last request: 0.000012 seconds.
  path: Assets/Textures/Wood/Wood_3_Occlusion.png
  artifactKey: Guid(49312d6a298e7ce4081fc403163e6602) Importer(815301076,1909f56bfc062723c751e8b465ee728b)
Start importing Assets/Textures/Wood/Wood_3_Occlusion.png using Guid(49312d6a298e7ce4081fc403163e6602) Importer(815301076,1909f56bfc062723c751e8b465ee728b) (PreviewImporter) -> (artifact id: '068d4c68fd6015ab425ba3cbeac392de') in 0.0043547 seconds
Number of updated asset objects reloaded before import = 0Number of asset objects unloaded after import = 2

========================================================================
Received Import Request.
  Time since last request: 0.000011 seconds.
  path: Assets/Textures/Wood/Wood_2_Normal.png
  artifactKey: Guid(495b312d872ddcd4b8e8d34ff5c153dc) Importer(815301076,1909f56bfc062723c751e8b465ee728b)
Start importing Assets/Textures/Wood/Wood_2_Normal.png using Guid(495b312d872ddcd4b8e8d34ff5c153dc) Importer(815301076,1909f56bfc062723c751e8b465ee728b) (PreviewImporter) -> (artifact id: 'b11e1c5efd6f28ee39d8404f45282e18') in 0.0054204 seconds
Number of updated asset objects reloaded before import = 0Number of asset objects unloaded after import = 2

========================================================================
Received Import Request.
  Time since last request: 0.000013 seconds.
  path: Assets/Textures/Wood/Wood_6_Height.png
  artifactKey: Guid(cbe96f0c4cddfb14286bf9a5d6818d17) Importer(815301076,1909f56bfc062723c751e8b465ee728b)
Start importing Assets/Textures/Wood/Wood_6_Height.png using Guid(cbe96f0c4cddfb14286bf9a5d6818d17) Importer(815301076,1909f56bfc062723c751e8b465ee728b) (PreviewImporter) -> (artifact id: 'ec8cff494e5214a972cd36bda6d2242b') in 0.0054367 seconds
Number of updated asset objects reloaded before import = 0Number of asset objects unloaded after import = 2

========================================================================
Received Import Request.
  Time since last request: 0.000010 seconds.
  path: Assets/Textures/Wood/Wood_2_Albedo.png
  artifactKey: Guid(e0fc4fca242fc4f45b37fb28d1833798) Importer(815301076,1909f56bfc062723c751e8b465ee728b)
Start importing Assets/Textures/Wood/Wood_2_Albedo.png using Guid(e0fc4fca242fc4f45b37fb28d1833798) Importer(815301076,1909f56bfc062723c751e8b465ee728b) (PreviewImporter) -> (artifact id: '4a83ea91091c1ecf86fc56fe70746b14') in 0.0043291 seconds
Number of updated asset objects reloaded before import = 0Number of asset objects unloaded after import = 2

========================================================================
Received Import Request.
  Time since last request: 0.000012 seconds.
  path: Assets/Textures/Wood/Wood_2_Height.png
  artifactKey: Guid(9d52dcca7ba067542baab5ed3443f57d) Importer(815301076,1909f56bfc062723c751e8b465ee728b)
Start importing Assets/Textures/Wood/Wood_2_Height.png using Guid(9d52dcca7ba067542baab5ed3443f57d) Importer(815301076,1909f56bfc062723c751e8b465ee728b) (PreviewImporter) -> (artifact id: '5ccb9556a501a579d0e227554b80604b') in 0.0040271 seconds
Number of updated asset objects reloaded before import = 0Number of asset objects unloaded after import = 2

========================================================================
Received Import Request.
  Time since last request: 0.000017 seconds.
  path: Assets/Textures/Wood/Wood_6_Metallic.png
  artifactKey: Guid(c4cdfa76a0c1da74b808cc488df44569) Importer(815301076,1909f56bfc062723c751e8b465ee728b)
Start importing Assets/Textures/Wood/Wood_6_Metallic.png using Guid(c4cdfa76a0c1da74b808cc488df44569) Importer(815301076,1909f56bfc062723c751e8b465ee728b) (PreviewImporter) -> (artifact id: '6d7bb42c589fdf34fb9f67dcf7b69317') in 0.0053291 seconds
Number of updated asset objects reloaded before import = 0Number of asset objects unloaded after import = 2

========================================================================
Received Import Request.
  Time since last request: 0.000010 seconds.
  path: Assets/Textures/Wood/Wood_6_Normal.png
  artifactKey: Guid(1fef25965764f79489aa82d6c95a2a7a) Importer(815301076,1909f56bfc062723c751e8b465ee728b)
Start importing Assets/Textures/Wood/Wood_6_Normal.png using Guid(1fef25965764f79489aa82d6c95a2a7a) Importer(815301076,1909f56bfc062723c751e8b465ee728b) (PreviewImporter) -> (artifact id: 'a3cfeb0a5d48e5723636aac6eb2e2d7c') in 0.0040649 seconds
Number of updated asset objects reloaded before import = 0Number of asset objects unloaded after import = 2

========================================================================
Received Import Request.
  Time since last request: 2.182903 seconds.
  path: Assets/Textures/Walls/Wall_1_Metallic.png
  artifactKey: Guid(75dda61b741709d42a32195800bcd287) Importer(815301076,1909f56bfc062723c751e8b465ee728b)
Start importing Assets/Textures/Walls/Wall_1_Metallic.png using Guid(75dda61b741709d42a32195800bcd287) Importer(815301076,1909f56bfc062723c751e8b465ee728b) (PreviewImporter) -> (artifact id: '956d266bf3b532078a047b7b9ceec468') in 0.0046495 seconds
Number of updated asset objects reloaded before import = 0Number of asset objects unloaded after import = 2

========================================================================
Received Import Request.
  Time since last request: 0.000011 seconds.
  path: Assets/Textures/Walls/Wall_3_Metallic.png
  artifactKey: Guid(3c42065f0cdbf1f48a42dc93699369c9) Importer(815301076,1909f56bfc062723c751e8b465ee728b)
Start importing Assets/Textures/Walls/Wall_3_Metallic.png using Guid(3c42065f0cdbf1f48a42dc93699369c9) Importer(815301076,1909f56bfc062723c751e8b465ee728b) (PreviewImporter) -> (artifact id: 'd825faab90b3a8618b4d931643179fc4') in 0.0053104 seconds
Number of updated asset objects reloaded before import = 0Number of asset objects unloaded after import = 2

========================================================================
Received Import Request.
  Time since last request: 0.000013 seconds.
  path: Assets/Textures/Walls/Wall_7_Height.png
  artifactKey: Guid(bcb89281c38bf4042a078b09412d0716) Importer(815301076,1909f56bfc062723c751e8b465ee728b)
Start importing Assets/Textures/Walls/Wall_7_Height.png using Guid(bcb89281c38bf4042a078b09412d0716) Importer(815301076,1909f56bfc062723c751e8b465ee728b) (PreviewImporter) -> (artifact id: '0bf04d98c37b330359006ba4280fdb8b') in 0.0051062 seconds
Number of updated asset objects reloaded before import = 0Number of asset objects unloaded after import = 2

========================================================================
Received Import Request.
  Time since last request: 0.000010 seconds.
  path: Assets/Textures/Walls/Wall_4_Albedo.png
  artifactKey: Guid(7f79b63065804ff49ab54fddc38f6e5d) Importer(815301076,1909f56bfc062723c751e8b465ee728b)
Start importing Assets/Textures/Walls/Wall_4_Albedo.png using Guid(7f79b63065804ff49ab54fddc38f6e5d) Importer(815301076,1909f56bfc062723c751e8b465ee728b) (PreviewImporter) -> (artifact id: '36bb4215877d6b6faf18e291eae679af') in 0.0049214 seconds
Number of updated asset objects reloaded before import = 0Number of asset objects unloaded after import = 2

========================================================================
Received Import Request.
  Time since last request: 0.000011 seconds.
  path: Assets/Textures/Walls/Wall_2_Occlusion.png
  artifactKey: Guid(091916498ee429940bb5d28ec5886c76) Importer(815301076,1909f56bfc062723c751e8b465ee728b)
Start importing Assets/Textures/Walls/Wall_2_Occlusion.png using Guid(091916498ee429940bb5d28ec5886c76) Importer(815301076,1909f56bfc062723c751e8b465ee728b) (PreviewImporter) -> (artifact id: '023994e8f3b7c5e1490a200245c7ddcc') in 0.0050891 seconds
Number of updated asset objects reloaded before import = 0Number of asset objects unloaded after import = 2

========================================================================
Received Import Request.
  Time since last request: 0.000010 seconds.
  path: Assets/Textures/Walls/Wall_6_Albedo.png
  artifactKey: Guid(889ad6241f1a4b741a106caaacd64a5e) Importer(815301076,1909f56bfc062723c751e8b465ee728b)
Start importing Assets/Textures/Walls/Wall_6_Albedo.png using Guid(889ad6241f1a4b741a106caaacd64a5e) Importer(815301076,1909f56bfc062723c751e8b465ee728b) (PreviewImporter) -> (artifact id: 'd76e6f52f60b925ef90eea362e07758b') in 0.0042253 seconds
Number of updated asset objects reloaded before import = 0Number of asset objects unloaded after import = 2

========================================================================
Received Import Request.
  Time since last request: 0.000013 seconds.
  path: Assets/Textures/Walls/Wall_7_Metallic.png
  artifactKey: Guid(715a40ca6dbabbd43b6087ea35472df5) Importer(815301076,1909f56bfc062723c751e8b465ee728b)
Start importing Assets/Textures/Walls/Wall_7_Metallic.png using Guid(715a40ca6dbabbd43b6087ea35472df5) Importer(815301076,1909f56bfc062723c751e8b465ee728b) (PreviewImporter) -> (artifact id: 'a646337a28a9b9514f10b09b69a3dd78') in 0.0054158 seconds
Number of updated asset objects reloaded before import = 0Number of asset objects unloaded after import = 2

========================================================================
Received Import Request.
  Time since last request: 0.000010 seconds.
  path: Assets/Textures/Walls/Wall_3_Height.png
  artifactKey: Guid(32da5077513e42140bec460341e23b60) Importer(815301076,1909f56bfc062723c751e8b465ee728b)
Start importing Assets/Textures/Walls/Wall_3_Height.png using Guid(32da5077513e42140bec460341e23b60) Importer(815301076,1909f56bfc062723c751e8b465ee728b) (PreviewImporter) -> (artifact id: 'd1f37eb5e51a064d6c1222e749e76922') in 0.0051334 seconds
Number of updated asset objects reloaded before import = 0Number of asset objects unloaded after import = 2

========================================================================
Received Import Request.
  Time since last request: 1.448776 seconds.
  path: Assets/Textures/Panel/Panel_1_Metallic.png
  artifactKey: Guid(d82e5865abd1bce4583768d2091aa5ac) Importer(815301076,1909f56bfc062723c751e8b465ee728b)
Start importing Assets/Textures/Panel/Panel_1_Metallic.png using Guid(d82e5865abd1bce4583768d2091aa5ac) Importer(815301076,1909f56bfc062723c751e8b465ee728b) (PreviewImporter) -> (artifact id: '7147e812c704315e1a4df38f30f1b926') in 0.0049194 seconds
Number of updated asset objects reloaded before import = 0Number of asset objects unloaded after import = 2

========================================================================
Received Import Request.
  Time since last request: 0.000015 seconds.
  path: Assets/Textures/Panel/Panel_2_Albedo.png
  artifactKey: Guid(051d3058c235fcd48bc7ccc708c75ee4) Importer(815301076,1909f56bfc062723c751e8b465ee728b)
Start importing Assets/Textures/Panel/Panel_2_Albedo.png using Guid(051d3058c235fcd48bc7ccc708c75ee4) Importer(815301076,1909f56bfc062723c751e8b465ee728b) (PreviewImporter) -> (artifact id: 'f1e128c839e6b1509734f88557fe2a23') in 0.0052773 seconds
Number of updated asset objects reloaded before import = 0Number of asset objects unloaded after import = 2

========================================================================
Received Import Request.
  Time since last request: 1.271855 seconds.
  path: Assets/Textures/Ground/Ground_1_Metallic.png
  artifactKey: Guid(111093fef5ac6564896392ee6a525780) Importer(815301076,1909f56bfc062723c751e8b465ee728b)
Start importing Assets/Textures/Ground/Ground_1_Metallic.png using Guid(111093fef5ac6564896392ee6a525780) Importer(815301076,1909f56bfc062723c751e8b465ee728b) (PreviewImporter) -> (artifact id: '6c2e3cb39ac4e8e9eb89a8a22ffb77e2') in 0.0048794 seconds
Number of updated asset objects reloaded before import = 0Number of asset objects unloaded after import = 2

========================================================================
Received Import Request.
  Time since last request: 0.000011 seconds.
  path: Assets/Textures/Ground/Ground_7_Metallic.png
  artifactKey: Guid(5e01d3e6877f0b24e81880d2f392a18b) Importer(815301076,1909f56bfc062723c751e8b465ee728b)
Start importing Assets/Textures/Ground/Ground_7_Metallic.png using Guid(5e01d3e6877f0b24e81880d2f392a18b) Importer(815301076,1909f56bfc062723c751e8b465ee728b) (PreviewImporter) -> (artifact id: 'c00f907374a05ac1495f7809a9d2b3ab') in 0.004682 seconds
Number of updated asset objects reloaded before import = 0Number of asset objects unloaded after import = 2

========================================================================
Received Import Request.
  Time since last request: 0.000013 seconds.
  path: Assets/Textures/Ground/Ground_4_Albedo.png
  artifactKey: Guid(719a83220b39c004db2153a0d3ee4b56) Importer(815301076,1909f56bfc062723c751e8b465ee728b)
Start importing Assets/Textures/Ground/Ground_4_Albedo.png using Guid(719a83220b39c004db2153a0d3ee4b56) Importer(815301076,1909f56bfc062723c751e8b465ee728b) (PreviewImporter) -> (artifact id: '38bb1363f89cd19c9ce66aeb41dafe02') in 0.0048858 seconds
Number of updated asset objects reloaded before import = 0Number of asset objects unloaded after import = 2

========================================================================
Received Import Request.
  Time since last request: 0.000011 seconds.
  path: Assets/Textures/Ground/Ground_3_Metallic.png
  artifactKey: Guid(06e50961a8d0f664f9b0b075ba357490) Importer(815301076,1909f56bfc062723c751e8b465ee728b)
Start importing Assets/Textures/Ground/Ground_3_Metallic.png using Guid(06e50961a8d0f664f9b0b075ba357490) Importer(815301076,1909f56bfc062723c751e8b465ee728b) (PreviewImporter) -> (artifact id: '607a2d4df310ba669d6b6e345bdf4d34') in 0.0046696 seconds
Number of updated asset objects reloaded before import = 0Number of asset objects unloaded after import = 2

========================================================================
Received Import Request.
  Time since last request: 0.000010 seconds.
  path: Assets/Textures/Ground/Ground_6_Albedo.png
  artifactKey: Guid(1729086a49c261b469f0787572913d54) Importer(815301076,1909f56bfc062723c751e8b465ee728b)
Start importing Assets/Textures/Ground/Ground_6_Albedo.png using Guid(1729086a49c261b469f0787572913d54) Importer(815301076,1909f56bfc062723c751e8b465ee728b) (PreviewImporter) -> (artifact id: 'c858870514ae8f5c4b54debb4235459e') in 0.0048604 seconds
Number of updated asset objects reloaded before import = 0Number of asset objects unloaded after import = 2

========================================================================
Received Import Request.
  Time since last request: 0.000010 seconds.
  path: Assets/Textures/Ground/Ground_5_Normal.png
  artifactKey: Guid(c7491d9438d9010409ae74f8bc501051) Importer(815301076,1909f56bfc062723c751e8b465ee728b)
Start importing Assets/Textures/Ground/Ground_5_Normal.png using Guid(c7491d9438d9010409ae74f8bc501051) Importer(815301076,1909f56bfc062723c751e8b465ee728b) (PreviewImporter) -> (artifact id: '51dbeb0ea09a4fd80e07826e3c4d2bb4') in 0.0056426 seconds
Number of updated asset objects reloaded before import = 0Number of asset objects unloaded after import = 2

========================================================================
Received Import Request.
  Time since last request: 0.000014 seconds.
  path: Assets/Textures/Ground/Ground_2_Occlusion.png
  artifactKey: Guid(b0a124f59168b6d4690b69b33a6c5fe9) Importer(815301076,1909f56bfc062723c751e8b465ee728b)
Start importing Assets/Textures/Ground/Ground_2_Occlusion.png using Guid(b0a124f59168b6d4690b69b33a6c5fe9) Importer(815301076,1909f56bfc062723c751e8b465ee728b) (PreviewImporter) -> (artifact id: 'ef6ebf15fb7525d41440a3127cbc161d') in 0.0059581 seconds
Number of updated asset objects reloaded before import = 0Number of asset objects unloaded after import = 2

========================================================================
Received Import Request.
  Time since last request: 0.000010 seconds.
  path: Assets/Textures/Ground/Ground_1_Occlusion.png
  artifactKey: Guid(493b73110bcecb844a969a4e4700800b) Importer(815301076,1909f56bfc062723c751e8b465ee728b)
Start importing Assets/Textures/Ground/Ground_1_Occlusion.png using Guid(493b73110bcecb844a969a4e4700800b) Importer(815301076,1909f56bfc062723c751e8b465ee728b) (PreviewImporter) -> (artifact id: 'bc204c24bafb51b8ab347b562ad55ee5') in 0.0059403 seconds
Number of updated asset objects reloaded before import = 0Number of asset objects unloaded after import = 2

========================================================================
Received Import Request.
  Time since last request: 30.580492 seconds.
  path: Assets/Textures/Floor/Floor_1_Metallic.png
  artifactKey: Guid(25d13b06d5f28db44873cc66639d04ec) Importer(815301076,1909f56bfc062723c751e8b465ee728b)
Start importing Assets/Textures/Floor/Floor_1_Metallic.png using Guid(25d13b06d5f28db44873cc66639d04ec) Importer(815301076,1909f56bfc062723c751e8b465ee728b) (PreviewImporter) -> (artifact id: '58fc62646fef9b7abee3c5f4dcd77ca7') in 0.0048879 seconds
Number of updated asset objects reloaded before import = 0Number of asset objects unloaded after import = 2

========================================================================
Received Import Request.
  Time since last request: 0.000012 seconds.
  path: Assets/Textures/Floor/Floor_5_Metallic.png
  artifactKey: Guid(f20bdc563ca57f841b0f761d1a85fa4e) Importer(815301076,1909f56bfc062723c751e8b465ee728b)
Start importing Assets/Textures/Floor/Floor_5_Metallic.png using Guid(f20bdc563ca57f841b0f761d1a85fa4e) Importer(815301076,1909f56bfc062723c751e8b465ee728b) (PreviewImporter) -> (artifact id: 'd93b0d8c4cc99b60070008fc63ed302a') in 0.0054783 seconds
Number of updated asset objects reloaded before import = 0Number of asset objects unloaded after import = 2

========================================================================
Received Import Request.
  Time since last request: 0.000010 seconds.
  path: Assets/Textures/Floor/Floor_6_Normal.png
  artifactKey: Guid(61878d039999e3f44854aa162959d0ab) Importer(815301076,1909f56bfc062723c751e8b465ee728b)
Start importing Assets/Textures/Floor/Floor_6_Normal.png using Guid(61878d039999e3f44854aa162959d0ab) Importer(815301076,1909f56bfc062723c751e8b465ee728b) (PreviewImporter) -> (artifact id: '3c6d1f042e0b2c6c5280a2076f1e82d8') in 0.0054264 seconds
Number of updated asset objects reloaded before import = 0Number of asset objects unloaded after import = 2

========================================================================
Received Import Request.
  Time since last request: 0.000013 seconds.
  path: Assets/Textures/Floor/Floor_3_Normal.png
  artifactKey: Guid(5ed9ed2913f3e704d9ad71d533b616d9) Importer(815301076,1909f56bfc062723c751e8b465ee728b)
Start importing Assets/Textures/Floor/Floor_3_Normal.png using Guid(5ed9ed2913f3e704d9ad71d533b616d9) Importer(815301076,1909f56bfc062723c751e8b465ee728b) (PreviewImporter) -> (artifact id: 'aeada91f7c0866b991a1f6497aa12ff2') in 0.0049311 seconds
Number of updated asset objects reloaded before import = 0Number of asset objects unloaded after import = 2

========================================================================
Received Import Request.
  Time since last request: 0.000010 seconds.
  path: Assets/Textures/Floor/Floor_5_Normal.png
  artifactKey: Guid(61ada9613102aba4f8782321007cc44a) Importer(815301076,1909f56bfc062723c751e8b465ee728b)
Start importing Assets/Textures/Floor/Floor_5_Normal.png using Guid(61ada9613102aba4f8782321007cc44a) Importer(815301076,1909f56bfc062723c751e8b465ee728b) (PreviewImporter) -> (artifact id: '96129e1ee1275d149726b4d98eb646ce') in 0.0050771 seconds
Number of updated asset objects reloaded before import = 0Number of asset objects unloaded after import = 2

========================================================================
Received Import Request.
  Time since last request: 0.000011 seconds.
  path: Assets/Textures/Floor/Floor_2_Albedo.png
  artifactKey: Guid(508a74f11dfef204ca062f7c231cb2c0) Importer(815301076,1909f56bfc062723c751e8b465ee728b)
Start importing Assets/Textures/Floor/Floor_2_Albedo.png using Guid(508a74f11dfef204ca062f7c231cb2c0) Importer(815301076,1909f56bfc062723c751e8b465ee728b) (PreviewImporter) -> (artifact id: 'ddb0cd1cbd93856a3f7624fe6063f321') in 0.0048098 seconds
Number of updated asset objects reloaded before import = 0Number of asset objects unloaded after import = 2

========================================================================
Received Import Request.
  Time since last request: 0.000010 seconds.
  path: Assets/Textures/Floor/Floor_3_Occlusion.png
  artifactKey: Guid(44db35a064ef95147aa402cb93797d09) Importer(815301076,1909f56bfc062723c751e8b465ee728b)
Start importing Assets/Textures/Floor/Floor_3_Occlusion.png using Guid(44db35a064ef95147aa402cb93797d09) Importer(815301076,1909f56bfc062723c751e8b465ee728b) (PreviewImporter) -> (artifact id: '3d4cb5932182fb994cdd2168cb4ea555') in 0.0051913 seconds
Number of updated asset objects reloaded before import = 0Number of asset objects unloaded after import = 2

========================================================================
Received Import Request.
  Time since last request: 0.000013 seconds.
  path: Assets/Textures/Floor/Floor_7_Metallic.png
  artifactKey: Guid(da473cfba4a7a57479c0ac826e79806c) Importer(815301076,1909f56bfc062723c751e8b465ee728b)
Start importing Assets/Textures/Floor/Floor_7_Metallic.png using Guid(da473cfba4a7a57479c0ac826e79806c) Importer(815301076,1909f56bfc062723c751e8b465ee728b) (PreviewImporter) -> (artifact id: '60b4028c00ab6bbdd08b56c74a24478d') in 0.0062533 seconds
Number of updated asset objects reloaded before import = 0Number of asset objects unloaded after import = 2

Editor requested this worker to shutdown with reason: Scaling down because of idle timeout
AssetImportWorker is now disconnected from the server
Process exiting
Exiting without the bug reporter. Application will terminate with return code 0